<?xml version="1.0" encoding="UTF-8"?>
<testsuite name="com.nicolas.parcial.ParcialBeApplicationTests" tests="1" skipped="0" failures="0" errors="0" timestamp="2023-10-11T18:59:12" hostname="DESKTOP-1UBDJB0" time="0.504">
  <properties/>
  <testcase name="contextLoads()" classname="com.nicolas.parcial.ParcialBeApplicationTests" time="0.504"/>
  <system-out><![CDATA[15:59:06.568 [Test worker] INFO org.springframework.test.context.support.AnnotationConfigContextLoaderUtils -- Could not detect default configuration classes for test class [com.nicolas.parcial.ParcialBeApplicationTests]: ParcialBeApplicationTests does not declare any static, non-private, non-final, nested classes annotated with @Configuration.
15:59:06.673 [Test worker] INFO org.springframework.boot.test.context.SpringBootTestContextBootstrapper -- Found @SpringBootConfiguration com.nicolas.parcial.ParcialBeApplication for test class com.nicolas.parcial.ParcialBeApplicationTests

  .   ____          _            __ _ _
 /\\ / ___'_ __ _ _(_)_ __  __ _ \ \ \ \
( ( )\___ | '_ | '_| | '_ \/ _` | \ \ \ \
 \\/  ___)| |_)| | | | | || (_| |  ) ) ) )
  '  |____| .__|_| |_|_| |_\__, | / / / /
 =========|_|==============|___/=/_/_/_/
 :: Spring Boot ::                (v3.1.4)

2023-10-11T15:59:07.107-03:00  INFO 14736 --- [    Test worker] c.n.parcial.ParcialBeApplicationTests    : Starting ParcialBeApplicationTests using Java 17.0.8 with PID 14736 (started by nlucc in E:\Varios\UTN Cursado\Desarrollo Software\Clases\Practicos\Parcial Back End - API Rest con Pag\parcial)
2023-10-11T15:59:07.109-03:00  INFO 14736 --- [    Test worker] c.n.parcial.ParcialBeApplicationTests    : No active profile set, falling back to 1 default profile: "default"
2023-10-11T15:59:07.945-03:00  INFO 14736 --- [    Test worker] .s.d.r.c.RepositoryConfigurationDelegate : Bootstrapping Spring Data JPA repositories in DEFAULT mode.
2023-10-11T15:59:08.029-03:00  INFO 14736 --- [    Test worker] .s.d.r.c.RepositoryConfigurationDelegate : Finished Spring Data repository scanning in 75 ms. Found 5 JPA repository interfaces.
2023-10-11T15:59:08.520-03:00  INFO 14736 --- [    Test worker] o.hibernate.jpa.internal.util.LogHelper  : HHH000204: Processing PersistenceUnitInfo [name: default]
2023-10-11T15:59:08.596-03:00  INFO 14736 --- [    Test worker] org.hibernate.Version                    : HHH000412: Hibernate ORM core version 6.2.9.Final
2023-10-11T15:59:08.599-03:00  INFO 14736 --- [    Test worker] org.hibernate.cfg.Environment            : HHH000406: Using bytecode reflection optimizer
2023-10-11T15:59:08.775-03:00  INFO 14736 --- [    Test worker] o.h.b.i.BytecodeProviderInitiator        : HHH000021: Bytecode provider name : bytebuddy
2023-10-11T15:59:08.944-03:00  INFO 14736 --- [    Test worker] o.s.o.j.p.SpringPersistenceUnitInfo      : No LoadTimeWeaver setup: ignoring JPA class transformer
2023-10-11T15:59:08.965-03:00  INFO 14736 --- [    Test worker] com.zaxxer.hikari.HikariDataSource       : HikariPool-1 - Starting...
2023-10-11T15:59:09.168-03:00  INFO 14736 --- [    Test worker] com.zaxxer.hikari.pool.HikariPool        : HikariPool-1 - Added connection conn0: url=jdbc:h2:mem:./betodb user=SA
2023-10-11T15:59:09.170-03:00  INFO 14736 --- [    Test worker] com.zaxxer.hikari.HikariDataSource       : HikariPool-1 - Start completed.
2023-10-11T15:59:09.484-03:00  INFO 14736 --- [    Test worker] o.h.b.i.BytecodeProviderInitiator        : HHH000021: Bytecode provider name : bytebuddy
2023-10-11T15:59:10.216-03:00  INFO 14736 --- [    Test worker] o.h.e.t.j.p.i.JtaPlatformInitiator       : HHH000490: Using JtaPlatform implementation: [org.hibernate.engine.transaction.jta.platform.internal.NoJtaPlatform]
Hibernate: create table autor (id bigint generated by default as identity, apellido varchar(255), biografia varchar(255), nombre varchar(255), primary key (id))
Hibernate: create table domicilio (id bigint generated by default as identity, calle varchar(255), numero integer, id_localidad bigint not null, primary key (id))
Hibernate: create table libro (id bigint generated by default as identity, fecha integer, genero varchar(255), paginas integer, titulo varchar(255), primary key (id))
Hibernate: create table libro_autor (libro_id bigint not null, autor_id bigint not null)
Hibernate: create table localidad (id bigint generated by default as identity, denominacion varchar(255), primary key (id))
Hibernate: create table persona (id bigint generated by default as identity, apellido varchar(255), dni integer, nombre varchar(255), id_domicilio bigint, primary key (id))
Hibernate: create table persona_libro (persona_id bigint not null, libro_id bigint not null)
Hibernate: alter table if exists persona drop constraint if exists UK_oneaeif3al91rfwiwrlapy1uc
Hibernate: alter table if exists persona add constraint UK_oneaeif3al91rfwiwrlapy1uc unique (id_domicilio)
Hibernate: alter table if exists persona_libro drop constraint if exists UK_klwo566p2xgu8txcyls6vx0ai
Hibernate: alter table if exists persona_libro add constraint UK_klwo566p2xgu8txcyls6vx0ai unique (libro_id)
Hibernate: alter table if exists domicilio add constraint FKqrmmkejvimmve55527wv6ujtr foreign key (id_localidad) references localidad
Hibernate: alter table if exists libro_autor add constraint FKjf2fhkw7ta2mvhhiugwd6k2tn foreign key (autor_id) references autor
Hibernate: alter table if exists libro_autor add constraint FKk7238iexfym9eoh3s1uof6a1s foreign key (libro_id) references libro
Hibernate: alter table if exists persona add constraint FKk7mhrlqj0vul6eopsww3wbh5f foreign key (id_domicilio) references domicilio
Hibernate: alter table if exists persona_libro add constraint FK6oar3k71e0huyyjlxd0a8qnct foreign key (libro_id) references libro
Hibernate: alter table if exists persona_libro add constraint FKd8c57cn01g1qhcax4yanhi2o4 foreign key (persona_id) references persona
2023-10-11T15:59:10.295-03:00  INFO 14736 --- [    Test worker] j.LocalContainerEntityManagerFactoryBean : Initialized JPA EntityManagerFactory for persistence unit 'default'
2023-10-11T15:59:10.596-03:00  INFO 14736 --- [    Test worker] o.s.d.j.r.query.QueryEnhancerFactory     : Hibernate is in classpath; If applicable, HQL parser will be used.
2023-10-11T15:59:11.485-03:00  WARN 14736 --- [    Test worker] JpaBaseConfiguration$JpaWebConfiguration : spring.jpa.open-in-view is enabled by default. Therefore, database queries may be performed during view rendering. Explicitly configure spring.jpa.open-in-view to disable this warning
2023-10-11T15:59:12.147-03:00  INFO 14736 --- [    Test worker] o.s.b.a.h2.H2ConsoleAutoConfiguration    : H2 console available at '/h2-console'. Database available at 'jdbc:h2:mem:./betodb'
2023-10-11T15:59:12.207-03:00  INFO 14736 --- [    Test worker] c.n.parcial.ParcialBeApplicationTests    : Started ParcialBeApplicationTests in 5.358 seconds (process running for 6.509)
]]></system-out>
  <system-err><![CDATA[]]></system-err>
</testsuite>
